Arguments: 
  /usr/local/Cellar/node/7.0.0/bin/node /usr/local/bin/yarn

PATH: 
  /Library/Java/JavaVirtualMachines/jdk1.8.0_111.jdk/Contents/Home/bin:/usr/local/bin:/usr/bin:/bin:/usr/sbin:/sbin:/Users/Jason/.yarn/bin:/Users/Jason/.yarn-config/global/node_modules/.bin:/usr/local/bin:/usr/local/Cellar/node/7.0.0/bin

Yarn version: 
  0.20.3

Node version: 
  7.0.0

Platform: 
  darwin x64

npm manifest: 
  {
    "name": "374632897.github.io",
    "version": "1.0.0",
    "description": "[我的个人主页](http://374632897.github.io)",
    "main": "index.js",
    "scripts": {
      "test": "echo \"Error: no test specified\" && exit 1",
      "g": "node ./build/g"
    },
    "repository": {
      "type": "git",
      "url": "git+https://github.com/374632897/374632897.github.io.git"
    },
    "author": "",
    "license": "ISC",
    "bugs": {
      "url": "https://github.com/374632897/374632897.github.io/issues"
    },
    "homepage": "https://github.com/374632897/374632897.github.io#readme",
    "dependencies": {
      "marked": "^0.3.6"
    }
  }

yarn manifest: 
  No manifest

Lockfile: 
  No lockfile

Trace: 
  Error: ENOENT: no such file or directory, stat '/Users/Jason/project/personal/374632897.github.io/node_modules/marked'
